13:31:38.166 [main] INFO  testCases.TC_003_LoginDataDrivenTest -  Starting TC_003_LoginDataDrivenTest 
13:31:38.330 [main] INFO  testCases.TC_003_LoginDataDrivenTest -  The clickMyAccount in homepage clicked 
13:31:39.033 [main] INFO  testCases.TC_003_LoginDataDrivenTest -  The clickLogin in homepage clicked 
13:31:39.336 [main] INFO  testCases.TC_003_LoginDataDrivenTest -  The email in Loginpage setted 
13:31:42.568 [main] INFO  testCases.TC_003_LoginDataDrivenTest -  The password in Loginpage setted 
13:31:45.748 [main] INFO  testCases.TC_003_LoginDataDrivenTest - logon in Loginpage clicked
13:31:46.409 [main] INFO  testCases.TC_003_LoginDataDrivenTest - true
13:31:46.410 [main] INFO  testCases.TC_003_LoginDataDrivenTest - valid is true
13:31:46.411 [main] INFO  testCases.TC_003_LoginDataDrivenTest - targetpage is true
13:31:47.388 [main] INFO  testCases.TC_003_LoginDataDrivenTest - logout clicked
13:31:47.397 [main] INFO  testCases.TC_003_LoginDataDrivenTest -  Finished TC_003_LoginDataDrivenTest
13:31:57.551 [main] INFO  testCases.TC_003_LoginDataDrivenTest -  Starting TC_003_LoginDataDrivenTest 
13:34:22.330 [main] INFO  testCases.TC_003_LoginDataDrivenTest -  Starting TC_003_LoginDataDrivenTest 
13:34:25.557 [main] INFO  testCases.TC_003_LoginDataDrivenTest -  The clickMyAccount in homepage clicked 
13:34:26.147 [main] INFO  testCases.TC_003_LoginDataDrivenTest -  The clickLogin in homepage clicked 
13:34:26.435 [main] INFO  testCases.TC_003_LoginDataDrivenTest -  The email in Loginpage setted 
13:34:29.648 [main] INFO  testCases.TC_003_LoginDataDrivenTest -  The password in Loginpage setted 
13:34:32.811 [main] INFO  testCases.TC_003_LoginDataDrivenTest - logon in Loginpage clicked
13:34:33.503 [main] INFO  testCases.TC_003_LoginDataDrivenTest - true
13:34:33.503 [main] INFO  testCases.TC_003_LoginDataDrivenTest - valid is true
13:34:33.503 [main] INFO  testCases.TC_003_LoginDataDrivenTest - targetpage is true
13:34:34.601 [main] INFO  testCases.TC_003_LoginDataDrivenTest - logout clicked
13:34:34.604 [main] INFO  testCases.TC_003_LoginDataDrivenTest -  Finished TC_003_LoginDataDrivenTest
13:34:39.821 [main] INFO  testCases.TC_003_LoginDataDrivenTest -  Starting TC_003_LoginDataDrivenTest 
13:36:38.624 [main] INFO  testCases.TC_003_LoginDataDrivenTest -  Starting TC_003_LoginDataDrivenTest 
13:36:41.820 [main] INFO  testCases.TC_003_LoginDataDrivenTest -  The clickMyAccount in homepage clicked 
13:36:42.426 [main] INFO  testCases.TC_003_LoginDataDrivenTest -  The clickLogin in homepage clicked 
13:36:42.716 [main] INFO  testCases.TC_003_LoginDataDrivenTest -  The email in Loginpage setted 
13:36:45.916 [main] INFO  testCases.TC_003_LoginDataDrivenTest -  The password in Loginpage setted 
13:36:49.034 [main] INFO  testCases.TC_003_LoginDataDrivenTest - logon in Loginpage clicked
13:36:49.693 [main] INFO  testCases.TC_003_LoginDataDrivenTest - true
13:36:49.694 [main] INFO  testCases.TC_003_LoginDataDrivenTest - valid is true
13:36:49.695 [main] INFO  testCases.TC_003_LoginDataDrivenTest - targetpage is true
13:36:50.787 [main] INFO  testCases.TC_003_LoginDataDrivenTest - logout clicked
13:36:50.795 [main] INFO  testCases.TC_003_LoginDataDrivenTest -  Finished TC_003_LoginDataDrivenTest
13:36:55.965 [main] INFO  testCases.TC_003_LoginDataDrivenTest -  Starting TC_003_LoginDataDrivenTest 
13:45:15.766 [main] INFO  testCases.TC_003_LoginDataDrivenTest -  Starting TC_003_LoginDataDrivenTest 
13:45:18.962 [main] INFO  testCases.TC_003_LoginDataDrivenTest -  The clickMyAccount in homepage clicked 
13:45:19.536 [main] INFO  testCases.TC_003_LoginDataDrivenTest -  The clickLogin in homepage clicked 
13:45:19.812 [main] INFO  testCases.TC_003_LoginDataDrivenTest -  The email in Loginpage setted 
13:45:23.001 [main] INFO  testCases.TC_003_LoginDataDrivenTest -  The password in Loginpage setted 
13:45:26.124 [main] INFO  testCases.TC_003_LoginDataDrivenTest - logon in Loginpage clicked
13:45:26.848 [main] INFO  testCases.TC_003_LoginDataDrivenTest - true
13:45:26.848 [main] INFO  testCases.TC_003_LoginDataDrivenTest - valid is true
13:45:26.848 [main] INFO  testCases.TC_003_LoginDataDrivenTest - targetpage is true
13:45:27.384 [main] INFO  testCases.TC_003_LoginDataDrivenTest - logout clicked
13:45:27.389 [main] INFO  testCases.TC_003_LoginDataDrivenTest -  Finished TC_003_LoginDataDrivenTest
13:45:32.599 [main] INFO  testCases.TC_003_LoginDataDrivenTest -  Starting TC_003_LoginDataDrivenTest 
13:53:22.574 [main] INFO  testCases.TC_003_LoginDataDrivenTest -  Starting TC_003_LoginDataDrivenTest 
13:54:57.848 [main] INFO  testCases.TC_003_LoginDataDrivenTest -  Starting TC_003_LoginDataDrivenTest 
13:55:01.071 [main] INFO  testCases.TC_003_LoginDataDrivenTest -  The clickMyAccount in homepage clicked 
13:55:01.709 [main] INFO  testCases.TC_003_LoginDataDrivenTest -  The clickLogin in homepage clicked 
13:55:01.981 [main] INFO  testCases.TC_003_LoginDataDrivenTest -  The email in Loginpage setted 
13:55:05.181 [main] INFO  testCases.TC_003_LoginDataDrivenTest -  The password in Loginpage setted 
13:55:08.324 [main] INFO  testCases.TC_003_LoginDataDrivenTest - logon in Loginpage clicked
13:55:09.066 [main] INFO  testCases.TC_003_LoginDataDrivenTest - true
13:55:09.066 [main] INFO  testCases.TC_003_LoginDataDrivenTest - valid is true
13:55:09.066 [main] INFO  testCases.TC_003_LoginDataDrivenTest - targetpage is true
13:55:09.569 [main] INFO  testCases.TC_003_LoginDataDrivenTest - logout clicked
13:55:09.577 [main] INFO  testCases.TC_003_LoginDataDrivenTest -  Finished TC_003_LoginDataDrivenTest
13:55:14.846 [main] INFO  testCases.TC_003_LoginDataDrivenTest -  Starting TC_003_LoginDataDrivenTest 
09:51:24.477 [main] INFO  testCases.TC_003_LoginDataDrivenTest -  Starting TC_003_LoginDataDrivenTest 
09:51:27.609 [main] INFO  testCases.TC_003_LoginDataDrivenTest -  The clickMyAccount in homepage clicked 
09:51:28.041 [main] INFO  testCases.TC_003_LoginDataDrivenTest -  The clickLogin in homepage clicked 
09:51:28.241 [main] INFO  testCases.TC_003_LoginDataDrivenTest -  The email in Loginpage setted 
09:51:31.393 [main] INFO  testCases.TC_003_LoginDataDrivenTest -  The password in Loginpage setted 
09:51:34.488 [main] INFO  testCases.TC_003_LoginDataDrivenTest - logon in Loginpage clicked
09:51:34.962 [main] INFO  testCases.TC_003_LoginDataDrivenTest - true
09:51:34.963 [main] INFO  testCases.TC_003_LoginDataDrivenTest - valid is true
09:51:34.963 [main] INFO  testCases.TC_003_LoginDataDrivenTest - targetpage is true
09:51:35.260 [main] INFO  testCases.TC_003_LoginDataDrivenTest - logout clicked
09:51:35.378 [main] INFO  testCases.TC_003_LoginDataDrivenTest -  Finished TC_003_LoginDataDrivenTest
09:51:38.414 [main] INFO  testCases.TC_003_LoginDataDrivenTest -  Starting TC_003_LoginDataDrivenTest 
09:52:19.334 [main] INFO  testCases.TC_003_LoginDataDrivenTest -  Starting TC_003_LoginDataDrivenTest 
09:52:22.468 [main] INFO  testCases.TC_003_LoginDataDrivenTest -  The clickMyAccount in homepage clicked 
09:52:22.922 [main] INFO  testCases.TC_003_LoginDataDrivenTest -  The clickLogin in homepage clicked 
09:52:23.150 [main] INFO  testCases.TC_003_LoginDataDrivenTest -  The email in Loginpage setted 
09:52:26.336 [main] INFO  testCases.TC_003_LoginDataDrivenTest -  The password in Loginpage setted 
09:52:29.428 [main] INFO  testCases.TC_003_LoginDataDrivenTest - logon in Loginpage clicked
09:52:29.917 [main] INFO  testCases.TC_003_LoginDataDrivenTest - true
09:52:29.917 [main] INFO  testCases.TC_003_LoginDataDrivenTest - valid is true
09:52:29.917 [main] INFO  testCases.TC_003_LoginDataDrivenTest - targetpage is true
09:52:30.261 [main] INFO  testCases.TC_003_LoginDataDrivenTest - logout clicked
09:52:30.398 [main] INFO  testCases.TC_003_LoginDataDrivenTest -  Finished TC_003_LoginDataDrivenTest
09:52:33.486 [main] INFO  testCases.TC_003_LoginDataDrivenTest -  Starting TC_003_LoginDataDrivenTest 
09:56:05.573 [main] INFO  testCases.TC_003_LoginDataDrivenTest -  Starting TC_003_LoginDataDrivenTest 
09:56:08.841 [main] INFO  testCases.TC_003_LoginDataDrivenTest -  The clickMyAccount in homepage clicked 
09:56:09.544 [main] INFO  testCases.TC_003_LoginDataDrivenTest -  The clickLogin in homepage clicked 
09:56:09.873 [main] INFO  testCases.TC_003_LoginDataDrivenTest -  The email in Loginpage setted 
09:56:13.079 [main] INFO  testCases.TC_003_LoginDataDrivenTest -  The password in Loginpage setted 
09:56:16.259 [main] INFO  testCases.TC_003_LoginDataDrivenTest - logon in Loginpage clicked
09:56:17.008 [main] INFO  testCases.TC_003_LoginDataDrivenTest - true
09:56:17.008 [main] INFO  testCases.TC_003_LoginDataDrivenTest - valid is true
09:56:17.008 [main] INFO  testCases.TC_003_LoginDataDrivenTest - targetpage is true
09:56:17.706 [main] INFO  testCases.TC_003_LoginDataDrivenTest - logout clicked
09:56:17.711 [main] INFO  testCases.TC_003_LoginDataDrivenTest -  Finished TC_003_LoginDataDrivenTest
09:56:21.004 [main] INFO  testCases.TC_003_LoginDataDrivenTest -  Starting TC_003_LoginDataDrivenTest 
09:57:32.601 [main] INFO  testCases.TC_003_LoginDataDrivenTest -  Starting TC_003_LoginDataDrivenTest 
09:57:35.821 [main] INFO  testCases.TC_003_LoginDataDrivenTest -  The clickMyAccount in homepage clicked 
09:57:36.460 [main] INFO  testCases.TC_003_LoginDataDrivenTest -  The clickLogin in homepage clicked 
09:57:36.724 [main] INFO  testCases.TC_003_LoginDataDrivenTest -  The email in Loginpage setted 
09:57:39.976 [main] INFO  testCases.TC_003_LoginDataDrivenTest -  The password in Loginpage setted 
09:57:43.176 [main] INFO  testCases.TC_003_LoginDataDrivenTest - logon in Loginpage clicked
09:57:43.974 [main] INFO  testCases.TC_003_LoginDataDrivenTest - true
09:57:43.974 [main] INFO  testCases.TC_003_LoginDataDrivenTest - valid is true
09:57:43.974 [main] INFO  testCases.TC_003_LoginDataDrivenTest - targetpage is true
09:57:44.730 [main] INFO  testCases.TC_003_LoginDataDrivenTest - logout clicked
09:57:44.734 [main] INFO  testCases.TC_003_LoginDataDrivenTest -  Finished TC_003_LoginDataDrivenTest
09:57:47.994 [main] INFO  testCases.TC_003_LoginDataDrivenTest -  Starting TC_003_LoginDataDrivenTest 
10:00:06.156 [main] INFO  testCases.TC_003_LoginDataDrivenTest -  Starting TC_003_LoginDataDrivenTest 
10:00:09.398 [main] INFO  testCases.TC_003_LoginDataDrivenTest -  The clickMyAccount in homepage clicked 
10:00:10.126 [main] INFO  testCases.TC_003_LoginDataDrivenTest -  The clickLogin in homepage clicked 
10:00:10.401 [main] INFO  testCases.TC_003_LoginDataDrivenTest -  The email in Loginpage setted 
10:00:13.614 [main] INFO  testCases.TC_003_LoginDataDrivenTest -  The password in Loginpage setted 
10:00:16.753 [main] INFO  testCases.TC_003_LoginDataDrivenTest - logon in Loginpage clicked
10:00:17.481 [main] INFO  testCases.TC_003_LoginDataDrivenTest - true
10:00:17.482 [main] INFO  testCases.TC_003_LoginDataDrivenTest - valid is true
10:00:17.482 [main] INFO  testCases.TC_003_LoginDataDrivenTest - targetpage is true
10:00:18.042 [main] INFO  testCases.TC_003_LoginDataDrivenTest - logout clicked
10:00:18.050 [main] INFO  testCases.TC_003_LoginDataDrivenTest -  Finished TC_003_LoginDataDrivenTest
10:00:21.271 [main] INFO  testCases.TC_003_LoginDataDrivenTest -  Starting TC_003_LoginDataDrivenTest 
10:06:40.422 [main] INFO  testCases.TC_003_LoginDataDrivenTest -  Starting TC_003_LoginDataDrivenTest 
10:06:43.679 [main] INFO  testCases.TC_003_LoginDataDrivenTest -  The clickMyAccount in homepage clicked 
10:06:44.236 [main] INFO  testCases.TC_003_LoginDataDrivenTest -  The clickLogin in homepage clicked 
10:06:44.507 [main] INFO  testCases.TC_003_LoginDataDrivenTest -  The email in Loginpage setted 
10:06:47.726 [main] INFO  testCases.TC_003_LoginDataDrivenTest -  The password in Loginpage setted 
10:06:50.992 [main] INFO  testCases.TC_003_LoginDataDrivenTest - logon in Loginpage clicked
10:06:51.823 [main] INFO  testCases.TC_003_LoginDataDrivenTest - true
10:06:51.823 [main] INFO  testCases.TC_003_LoginDataDrivenTest - valid is true
10:06:51.823 [main] INFO  testCases.TC_003_LoginDataDrivenTest - targetpage is true
10:06:52.410 [main] INFO  testCases.TC_003_LoginDataDrivenTest - logout clicked
10:06:52.424 [main] INFO  testCases.TC_003_LoginDataDrivenTest -  Finished TC_003_LoginDataDrivenTest
10:06:55.641 [main] INFO  testCases.TC_003_LoginDataDrivenTest -  Starting TC_003_LoginDataDrivenTest 
10:09:09.301 [main] INFO  testCases.TC_003_LoginDataDrivenTest -  Starting TC_003_LoginDataDrivenTest 
10:09:12.439 [main] INFO  testCases.TC_003_LoginDataDrivenTest -  The clickMyAccount in homepage clicked 
10:09:12.858 [main] INFO  testCases.TC_003_LoginDataDrivenTest -  The clickLogin in homepage clicked 
10:09:13.065 [main] INFO  testCases.TC_003_LoginDataDrivenTest -  The email in Loginpage setted 
10:09:16.226 [main] INFO  testCases.TC_003_LoginDataDrivenTest -  The password in Loginpage setted 
10:09:19.314 [main] INFO  testCases.TC_003_LoginDataDrivenTest - logon in Loginpage clicked
10:09:19.797 [main] INFO  testCases.TC_003_LoginDataDrivenTest - true
10:09:19.797 [main] INFO  testCases.TC_003_LoginDataDrivenTest - valid is true
10:09:19.797 [main] INFO  testCases.TC_003_LoginDataDrivenTest - targetpage is true
10:09:20.118 [main] INFO  testCases.TC_003_LoginDataDrivenTest - logout clicked
10:09:20.122 [main] INFO  testCases.TC_003_LoginDataDrivenTest -  Finished TC_003_LoginDataDrivenTest
10:09:23.259 [main] INFO  testCases.TC_003_LoginDataDrivenTest -  Starting TC_003_LoginDataDrivenTest 
10:12:48.583 [main] INFO  testCases.TC_003_LoginDataDrivenTest -  Starting TC_003_LoginDataDrivenTest 
10:12:51.708 [main] INFO  testCases.TC_003_LoginDataDrivenTest -  The clickMyAccount in homepage clicked 
10:12:52.134 [main] INFO  testCases.TC_003_LoginDataDrivenTest -  The clickLogin in homepage clicked 
10:12:52.348 [main] INFO  testCases.TC_003_LoginDataDrivenTest -  The email in Loginpage setted 
10:12:55.514 [main] INFO  testCases.TC_003_LoginDataDrivenTest -  The password in Loginpage setted 
10:12:58.624 [main] INFO  testCases.TC_003_LoginDataDrivenTest - logon in Loginpage clicked
10:12:59.081 [main] INFO  testCases.TC_003_LoginDataDrivenTest - true
10:12:59.081 [main] INFO  testCases.TC_003_LoginDataDrivenTest - valid is true
10:12:59.081 [main] INFO  testCases.TC_003_LoginDataDrivenTest - targetpage is true
10:12:59.399 [main] INFO  testCases.TC_003_LoginDataDrivenTest - logout clicked
10:12:59.402 [main] INFO  testCases.TC_003_LoginDataDrivenTest -  Finished TC_003_LoginDataDrivenTest
10:13:02.528 [main] INFO  testCases.TC_003_LoginDataDrivenTest -  Starting TC_003_LoginDataDrivenTest 
10:13:05.559 [main] INFO  testCases.TC_003_LoginDataDrivenTest -  Starting TC_003_LoginDataDrivenTest 
10:13:08.574 [main] INFO  testCases.TC_003_LoginDataDrivenTest -  Starting TC_003_LoginDataDrivenTest 
10:13:11.582 [main] INFO  testCases.TC_003_LoginDataDrivenTest -  Starting TC_003_LoginDataDrivenTest 
10:21:34.894 [main] INFO  testCases.TC_003_LoginDataDrivenTest -  Starting TC_003_LoginDataDrivenTest 
10:21:38.045 [main] INFO  testCases.TC_003_LoginDataDrivenTest -  The clickMyAccount in homepage clicked 
10:21:38.454 [main] INFO  testCases.TC_003_LoginDataDrivenTest -  The clickLogin in homepage clicked 
10:21:38.675 [main] INFO  testCases.TC_003_LoginDataDrivenTest -  The email in Loginpage setted 
10:21:41.818 [main] INFO  testCases.TC_003_LoginDataDrivenTest -  The password in Loginpage setted 
10:21:44.927 [main] INFO  testCases.TC_003_LoginDataDrivenTest - logon in Loginpage clicked
10:21:45.383 [main] INFO  testCases.TC_003_LoginDataDrivenTest - true
10:21:45.384 [main] INFO  testCases.TC_003_LoginDataDrivenTest - valid is true
10:21:45.384 [main] INFO  testCases.TC_003_LoginDataDrivenTest - targetpage is true
10:21:45.844 [main] INFO  testCases.TC_003_LoginDataDrivenTest - logout clicked
10:21:45.848 [main] INFO  testCases.TC_003_LoginDataDrivenTest -  Finished TC_003_LoginDataDrivenTest
10:21:45.859 [main] INFO  testCases.TC_003_LoginDataDrivenTest -  Starting TC_003_LoginDataDrivenTest 
10:21:48.942 [main] INFO  testCases.TC_003_LoginDataDrivenTest -  The clickMyAccount in homepage clicked 
10:21:49.233 [main] INFO  testCases.TC_003_LoginDataDrivenTest -  The clickLogin in homepage clicked 
10:21:49.453 [main] INFO  testCases.TC_003_LoginDataDrivenTest -  The email in Loginpage setted 
10:21:52.649 [main] INFO  testCases.TC_003_LoginDataDrivenTest -  The password in Loginpage setted 
10:21:55.757 [main] INFO  testCases.TC_003_LoginDataDrivenTest - logon in Loginpage clicked
10:22:05.837 [main] INFO  testCases.TC_003_LoginDataDrivenTest - false
10:22:05.838 [main] INFO  testCases.TC_003_LoginDataDrivenTest - Invalid is false
10:22:05.838 [main] INFO  testCases.TC_003_LoginDataDrivenTest -  Finished TC_003_LoginDataDrivenTest
10:22:05.845 [main] INFO  testCases.TC_003_LoginDataDrivenTest -  Starting TC_003_LoginDataDrivenTest 
10:22:08.930 [main] INFO  testCases.TC_003_LoginDataDrivenTest -  The clickMyAccount in homepage clicked 
10:22:09.260 [main] INFO  testCases.TC_003_LoginDataDrivenTest -  The clickLogin in homepage clicked 
10:22:09.442 [main] INFO  testCases.TC_003_LoginDataDrivenTest -  The email in Loginpage setted 
10:22:12.632 [main] INFO  testCases.TC_003_LoginDataDrivenTest -  The password in Loginpage setted 
10:22:15.723 [main] INFO  testCases.TC_003_LoginDataDrivenTest - logon in Loginpage clicked
10:22:25.782 [main] INFO  testCases.TC_003_LoginDataDrivenTest - false
10:22:25.782 [main] INFO  testCases.TC_003_LoginDataDrivenTest - Invalid is false
10:22:25.783 [main] INFO  testCases.TC_003_LoginDataDrivenTest -  Finished TC_003_LoginDataDrivenTest
10:22:25.789 [main] INFO  testCases.TC_003_LoginDataDrivenTest -  Starting TC_003_LoginDataDrivenTest 
10:22:28.878 [main] INFO  testCases.TC_003_LoginDataDrivenTest -  The clickMyAccount in homepage clicked 
10:22:29.192 [main] INFO  testCases.TC_003_LoginDataDrivenTest -  The clickLogin in homepage clicked 
10:22:29.390 [main] INFO  testCases.TC_003_LoginDataDrivenTest -  The email in Loginpage setted 
10:22:32.533 [main] INFO  testCases.TC_003_LoginDataDrivenTest -  The password in Loginpage setted 
10:22:35.644 [main] INFO  testCases.TC_003_LoginDataDrivenTest - logon in Loginpage clicked
10:22:45.682 [main] INFO  testCases.TC_003_LoginDataDrivenTest - false
10:22:45.682 [main] INFO  testCases.TC_003_LoginDataDrivenTest - Invalid is false
10:22:45.682 [main] INFO  testCases.TC_003_LoginDataDrivenTest -  Finished TC_003_LoginDataDrivenTest
10:22:45.690 [main] INFO  testCases.TC_003_LoginDataDrivenTest -  Starting TC_003_LoginDataDrivenTest 
10:22:48.781 [main] INFO  testCases.TC_003_LoginDataDrivenTest -  The clickMyAccount in homepage clicked 
10:22:49.102 [main] INFO  testCases.TC_003_LoginDataDrivenTest -  The clickLogin in homepage clicked 
10:22:49.307 [main] INFO  testCases.TC_003_LoginDataDrivenTest -  The email in Loginpage setted 
10:22:52.488 [main] INFO  testCases.TC_003_LoginDataDrivenTest -  The password in Loginpage setted 
10:22:55.570 [main] INFO  testCases.TC_003_LoginDataDrivenTest - logon in Loginpage clicked
10:22:56.069 [main] INFO  testCases.TC_003_LoginDataDrivenTest - true
10:22:56.069 [main] INFO  testCases.TC_003_LoginDataDrivenTest -  Finished TC_003_LoginDataDrivenTest
10:26:46.478 [main] INFO  testCases.TC_003_LoginDataDrivenTest -  Starting TC_003_LoginDataDrivenTest 
10:26:46.586 [main] INFO  testCases.TC_003_LoginDataDrivenTest -  The clickMyAccount in homepage clicked 
10:26:46.993 [main] INFO  testCases.TC_003_LoginDataDrivenTest -  The clickLogin in homepage clicked 
10:26:47.209 [main] INFO  testCases.TC_003_LoginDataDrivenTest -  The email in Loginpage setted 
10:26:47.390 [main] INFO  testCases.TC_003_LoginDataDrivenTest -  The password in Loginpage setted 
10:26:47.492 [main] INFO  testCases.TC_003_LoginDataDrivenTest - logon in Loginpage clicked
10:26:47.950 [main] INFO  testCases.TC_003_LoginDataDrivenTest - true
10:26:47.950 [main] INFO  testCases.TC_003_LoginDataDrivenTest - valid is true
10:26:47.950 [main] INFO  testCases.TC_003_LoginDataDrivenTest - targetpage is true
10:26:48.246 [main] INFO  testCases.TC_003_LoginDataDrivenTest - logout clicked
10:26:48.249 [main] INFO  testCases.TC_003_LoginDataDrivenTest -  Finished TC_003_LoginDataDrivenTest
10:26:48.392 [main] INFO  testCases.TC_003_LoginDataDrivenTest -  Starting TC_003_LoginDataDrivenTest 
10:27:30.730 [main] INFO  testCases.TC_003_LoginDataDrivenTest -  Starting TC_003_LoginDataDrivenTest 
10:27:30.849 [main] INFO  testCases.TC_003_LoginDataDrivenTest -  The clickMyAccount in homepage clicked 
10:27:31.225 [main] INFO  testCases.TC_003_LoginDataDrivenTest -  The clickLogin in homepage clicked 
10:27:31.453 [main] INFO  testCases.TC_003_LoginDataDrivenTest -  The email in Loginpage setted 
10:27:31.625 [main] INFO  testCases.TC_003_LoginDataDrivenTest -  The password in Loginpage setted 
10:27:31.719 [main] INFO  testCases.TC_003_LoginDataDrivenTest - logon in Loginpage clicked
10:27:32.169 [main] INFO  testCases.TC_003_LoginDataDrivenTest - true
10:27:32.169 [main] INFO  testCases.TC_003_LoginDataDrivenTest - valid is true
10:27:32.169 [main] INFO  testCases.TC_003_LoginDataDrivenTest - targetpage is true
10:27:32.449 [main] INFO  testCases.TC_003_LoginDataDrivenTest - logout clicked
10:27:32.454 [main] INFO  testCases.TC_003_LoginDataDrivenTest -  Finished TC_003_LoginDataDrivenTest
10:27:32.468 [main] INFO  testCases.TC_003_LoginDataDrivenTest -  Starting TC_003_LoginDataDrivenTest 
10:27:32.536 [main] INFO  testCases.TC_003_LoginDataDrivenTest -  The clickMyAccount in homepage clicked 
10:27:32.806 [main] INFO  testCases.TC_003_LoginDataDrivenTest -  The clickLogin in homepage clicked 
10:27:33.018 [main] INFO  testCases.TC_003_LoginDataDrivenTest -  The email in Loginpage setted 
10:27:33.188 [main] INFO  testCases.TC_003_LoginDataDrivenTest -  The password in Loginpage setted 
10:27:33.289 [main] INFO  testCases.TC_003_LoginDataDrivenTest - logon in Loginpage clicked
10:27:43.350 [main] INFO  testCases.TC_003_LoginDataDrivenTest - false
10:27:43.351 [main] INFO  testCases.TC_003_LoginDataDrivenTest - Invalid is false
10:27:43.351 [main] INFO  testCases.TC_003_LoginDataDrivenTest -  Finished TC_003_LoginDataDrivenTest
10:27:43.356 [main] INFO  testCases.TC_003_LoginDataDrivenTest -  Starting TC_003_LoginDataDrivenTest 
10:27:43.418 [main] INFO  testCases.TC_003_LoginDataDrivenTest -  The clickMyAccount in homepage clicked 
10:27:43.768 [main] INFO  testCases.TC_003_LoginDataDrivenTest -  The clickLogin in homepage clicked 
10:27:44.033 [main] INFO  testCases.TC_003_LoginDataDrivenTest -  The email in Loginpage setted 
10:27:44.260 [main] INFO  testCases.TC_003_LoginDataDrivenTest -  The password in Loginpage setted 
10:27:44.375 [main] INFO  testCases.TC_003_LoginDataDrivenTest - logon in Loginpage clicked
10:27:54.417 [main] INFO  testCases.TC_003_LoginDataDrivenTest - false
10:27:54.417 [main] INFO  testCases.TC_003_LoginDataDrivenTest - Invalid is false
10:27:54.418 [main] INFO  testCases.TC_003_LoginDataDrivenTest -  Finished TC_003_LoginDataDrivenTest
10:27:54.428 [main] INFO  testCases.TC_003_LoginDataDrivenTest -  Starting TC_003_LoginDataDrivenTest 
10:27:54.490 [main] INFO  testCases.TC_003_LoginDataDrivenTest -  The clickMyAccount in homepage clicked 
10:27:54.849 [main] INFO  testCases.TC_003_LoginDataDrivenTest -  The clickLogin in homepage clicked 
10:27:55.074 [main] INFO  testCases.TC_003_LoginDataDrivenTest -  The email in Loginpage setted 
10:27:55.265 [main] INFO  testCases.TC_003_LoginDataDrivenTest -  The password in Loginpage setted 
10:27:55.387 [main] INFO  testCases.TC_003_LoginDataDrivenTest - logon in Loginpage clicked
10:28:05.463 [main] INFO  testCases.TC_003_LoginDataDrivenTest - false
10:28:05.464 [main] INFO  testCases.TC_003_LoginDataDrivenTest - Invalid is false
10:28:05.464 [main] INFO  testCases.TC_003_LoginDataDrivenTest -  Finished TC_003_LoginDataDrivenTest
10:28:05.472 [main] INFO  testCases.TC_003_LoginDataDrivenTest -  Starting TC_003_LoginDataDrivenTest 
10:28:05.550 [main] INFO  testCases.TC_003_LoginDataDrivenTest -  The clickMyAccount in homepage clicked 
10:28:05.904 [main] INFO  testCases.TC_003_LoginDataDrivenTest -  The clickLogin in homepage clicked 
10:28:06.173 [main] INFO  testCases.TC_003_LoginDataDrivenTest -  The email in Loginpage setted 
10:28:06.370 [main] INFO  testCases.TC_003_LoginDataDrivenTest -  The password in Loginpage setted 
10:28:06.496 [main] INFO  testCases.TC_003_LoginDataDrivenTest - logon in Loginpage clicked
10:28:06.969 [main] INFO  testCases.TC_003_LoginDataDrivenTest - true
10:28:06.969 [main] INFO  testCases.TC_003_LoginDataDrivenTest -  Finished TC_003_LoginDataDrivenTest
10:30:35.257 [main] INFO  testCases.TC_003_LoginDataDrivenTest -  Starting TC_003_LoginDataDrivenTest 
10:30:35.403 [main] INFO  testCases.TC_003_LoginDataDrivenTest -  The clickMyAccount in homepage clicked 
10:30:35.873 [main] INFO  testCases.TC_003_LoginDataDrivenTest -  The clickLogin in homepage clicked 
10:30:36.087 [main] INFO  testCases.TC_003_LoginDataDrivenTest -  The email in Loginpage setted 
10:30:36.256 [main] INFO  testCases.TC_003_LoginDataDrivenTest -  The password in Loginpage setted 
10:30:36.357 [main] INFO  testCases.TC_003_LoginDataDrivenTest - logon in Loginpage clicked
10:30:36.813 [main] INFO  testCases.TC_003_LoginDataDrivenTest - true
10:30:36.813 [main] INFO  testCases.TC_003_LoginDataDrivenTest - valid is true
10:30:36.813 [main] INFO  testCases.TC_003_LoginDataDrivenTest - targetpage is true
10:30:37.112 [main] INFO  testCases.TC_003_LoginDataDrivenTest - logout clicked
10:30:37.116 [main] INFO  testCases.TC_003_LoginDataDrivenTest -  Finished TC_003_LoginDataDrivenTest
10:30:37.252 [main] INFO  testCases.TC_003_LoginDataDrivenTest -  Starting TC_003_LoginDataDrivenTest 
10:33:19.948 [main] INFO  testCases.TC_003_LoginDataDrivenTest -  Starting TC_003_LoginDataDrivenTest 
10:33:20.056 [main] INFO  testCases.TC_003_LoginDataDrivenTest -  The clickMyAccount in homepage clicked 
10:33:20.438 [main] INFO  testCases.TC_003_LoginDataDrivenTest -  The clickLogin in homepage clicked 
10:33:20.636 [main] INFO  testCases.TC_003_LoginDataDrivenTest -  The email in Loginpage setted 
10:33:20.811 [main] INFO  testCases.TC_003_LoginDataDrivenTest -  The password in Loginpage setted 
10:33:20.913 [main] INFO  testCases.TC_003_LoginDataDrivenTest - logon in Loginpage clicked
10:33:21.349 [main] INFO  testCases.TC_003_LoginDataDrivenTest - true
10:33:21.349 [main] INFO  testCases.TC_003_LoginDataDrivenTest - valid is true
10:33:21.350 [main] INFO  testCases.TC_003_LoginDataDrivenTest - targetpage is true
10:33:21.673 [main] INFO  testCases.TC_003_LoginDataDrivenTest - logout clicked
10:33:21.674 [main] INFO  testCases.TC_003_LoginDataDrivenTest -  Finished TC_003_LoginDataDrivenTest
10:33:21.688 [main] INFO  testCases.TC_003_LoginDataDrivenTest -  Starting TC_003_LoginDataDrivenTest 
10:33:21.770 [main] INFO  testCases.TC_003_LoginDataDrivenTest -  The clickMyAccount in homepage clicked 
10:33:22.062 [main] INFO  testCases.TC_003_LoginDataDrivenTest -  The clickLogin in homepage clicked 
10:33:22.280 [main] INFO  testCases.TC_003_LoginDataDrivenTest -  The email in Loginpage setted 
10:33:22.444 [main] INFO  testCases.TC_003_LoginDataDrivenTest -  The password in Loginpage setted 
10:33:22.537 [main] INFO  testCases.TC_003_LoginDataDrivenTest - logon in Loginpage clicked
10:33:32.610 [main] INFO  testCases.TC_003_LoginDataDrivenTest - false
10:33:32.611 [main] INFO  testCases.TC_003_LoginDataDrivenTest - Invalid is false
10:33:32.611 [main] INFO  testCases.TC_003_LoginDataDrivenTest -  Finished TC_003_LoginDataDrivenTest
10:33:32.616 [main] INFO  testCases.TC_003_LoginDataDrivenTest -  Starting TC_003_LoginDataDrivenTest 
10:33:32.677 [main] INFO  testCases.TC_003_LoginDataDrivenTest -  The clickMyAccount in homepage clicked 
10:33:33.018 [main] INFO  testCases.TC_003_LoginDataDrivenTest -  The clickLogin in homepage clicked 
10:33:33.271 [main] INFO  testCases.TC_003_LoginDataDrivenTest -  The email in Loginpage setted 
10:33:33.461 [main] INFO  testCases.TC_003_LoginDataDrivenTest -  The password in Loginpage setted 
10:33:33.590 [main] INFO  testCases.TC_003_LoginDataDrivenTest - logon in Loginpage clicked
10:33:43.635 [main] INFO  testCases.TC_003_LoginDataDrivenTest - false
10:33:43.635 [main] INFO  testCases.TC_003_LoginDataDrivenTest - Invalid is false
10:33:43.636 [main] INFO  testCases.TC_003_LoginDataDrivenTest -  Finished TC_003_LoginDataDrivenTest
10:33:43.642 [main] INFO  testCases.TC_003_LoginDataDrivenTest -  Starting TC_003_LoginDataDrivenTest 
10:33:43.735 [main] INFO  testCases.TC_003_LoginDataDrivenTest -  The clickMyAccount in homepage clicked 
10:33:44.121 [main] INFO  testCases.TC_003_LoginDataDrivenTest -  The clickLogin in homepage clicked 
10:33:44.353 [main] INFO  testCases.TC_003_LoginDataDrivenTest -  The email in Loginpage setted 
10:33:44.533 [main] INFO  testCases.TC_003_LoginDataDrivenTest -  The password in Loginpage setted 
10:33:44.650 [main] INFO  testCases.TC_003_LoginDataDrivenTest - logon in Loginpage clicked
10:33:54.696 [main] INFO  testCases.TC_003_LoginDataDrivenTest - false
10:33:54.697 [main] INFO  testCases.TC_003_LoginDataDrivenTest - Invalid is false
10:33:54.697 [main] INFO  testCases.TC_003_LoginDataDrivenTest -  Finished TC_003_LoginDataDrivenTest
10:33:54.702 [main] INFO  testCases.TC_003_LoginDataDrivenTest -  Starting TC_003_LoginDataDrivenTest 
10:33:54.781 [main] INFO  testCases.TC_003_LoginDataDrivenTest -  The clickMyAccount in homepage clicked 
10:33:55.170 [main] INFO  testCases.TC_003_LoginDataDrivenTest -  The clickLogin in homepage clicked 
10:33:55.419 [main] INFO  testCases.TC_003_LoginDataDrivenTest -  The email in Loginpage setted 
10:33:55.617 [main] INFO  testCases.TC_003_LoginDataDrivenTest -  The password in Loginpage setted 
10:33:55.745 [main] INFO  testCases.TC_003_LoginDataDrivenTest - logon in Loginpage clicked
10:33:56.204 [main] INFO  testCases.TC_003_LoginDataDrivenTest - true
10:33:56.204 [main] INFO  testCases.TC_003_LoginDataDrivenTest -  Finished TC_003_LoginDataDrivenTest
10:34:31.161 [main] INFO  testCases.TC_003_LoginDataDrivenTest -  Starting TC_003_LoginDataDrivenTest 
10:34:31.266 [main] INFO  testCases.TC_003_LoginDataDrivenTest -  The clickMyAccount in homepage clicked 
10:34:31.677 [main] INFO  testCases.TC_003_LoginDataDrivenTest -  The clickLogin in homepage clicked 
10:34:31.863 [main] INFO  testCases.TC_003_LoginDataDrivenTest -  The email in Loginpage setted 
10:34:32.034 [main] INFO  testCases.TC_003_LoginDataDrivenTest -  The password in Loginpage setted 
10:34:32.141 [main] INFO  testCases.TC_003_LoginDataDrivenTest - logon in Loginpage clicked
10:34:32.588 [main] INFO  testCases.TC_003_LoginDataDrivenTest - true
10:34:32.588 [main] INFO  testCases.TC_003_LoginDataDrivenTest - valid is true
10:34:32.588 [main] INFO  testCases.TC_003_LoginDataDrivenTest - targetpage is true
10:34:32.896 [main] INFO  testCases.TC_003_LoginDataDrivenTest - logout clicked
10:34:32.898 [main] INFO  testCases.TC_003_LoginDataDrivenTest -  Finished TC_003_LoginDataDrivenTest
10:34:32.923 [main] INFO  testCases.TC_003_LoginDataDrivenTest -  Starting TC_003_LoginDataDrivenTest 
10:34:32.997 [main] INFO  testCases.TC_003_LoginDataDrivenTest -  The clickMyAccount in homepage clicked 
10:34:33.281 [main] INFO  testCases.TC_003_LoginDataDrivenTest -  The clickLogin in homepage clicked 
10:34:33.516 [main] INFO  testCases.TC_003_LoginDataDrivenTest -  The email in Loginpage setted 
10:34:33.683 [main] INFO  testCases.TC_003_LoginDataDrivenTest -  The password in Loginpage setted 
10:34:33.777 [main] INFO  testCases.TC_003_LoginDataDrivenTest - logon in Loginpage clicked
10:34:43.862 [main] INFO  testCases.TC_003_LoginDataDrivenTest - false
10:34:43.862 [main] INFO  testCases.TC_003_LoginDataDrivenTest - Invalid is false
10:34:43.862 [main] INFO  testCases.TC_003_LoginDataDrivenTest -  Finished TC_003_LoginDataDrivenTest
10:34:43.868 [main] INFO  testCases.TC_003_LoginDataDrivenTest -  Starting TC_003_LoginDataDrivenTest 
10:34:43.936 [main] INFO  testCases.TC_003_LoginDataDrivenTest -  The clickMyAccount in homepage clicked 
10:34:44.289 [main] INFO  testCases.TC_003_LoginDataDrivenTest -  The clickLogin in homepage clicked 
10:34:44.528 [main] INFO  testCases.TC_003_LoginDataDrivenTest -  The email in Loginpage setted 
10:34:44.732 [main] INFO  testCases.TC_003_LoginDataDrivenTest -  The password in Loginpage setted 
10:34:44.867 [main] INFO  testCases.TC_003_LoginDataDrivenTest - logon in Loginpage clicked
10:34:54.957 [main] INFO  testCases.TC_003_LoginDataDrivenTest - false
10:34:54.957 [main] INFO  testCases.TC_003_LoginDataDrivenTest - Invalid is false
10:34:54.957 [main] INFO  testCases.TC_003_LoginDataDrivenTest -  Finished TC_003_LoginDataDrivenTest
10:34:54.966 [main] INFO  testCases.TC_003_LoginDataDrivenTest -  Starting TC_003_LoginDataDrivenTest 
10:34:55.049 [main] INFO  testCases.TC_003_LoginDataDrivenTest -  The clickMyAccount in homepage clicked 
10:34:55.463 [main] INFO  testCases.TC_003_LoginDataDrivenTest -  The clickLogin in homepage clicked 
10:34:55.745 [main] INFO  testCases.TC_003_LoginDataDrivenTest -  The email in Loginpage setted 
10:34:55.936 [main] INFO  testCases.TC_003_LoginDataDrivenTest -  The password in Loginpage setted 
10:34:56.056 [main] INFO  testCases.TC_003_LoginDataDrivenTest - logon in Loginpage clicked
10:35:06.106 [main] INFO  testCases.TC_003_LoginDataDrivenTest - false
10:35:06.106 [main] INFO  testCases.TC_003_LoginDataDrivenTest - Invalid is false
10:35:06.107 [main] INFO  testCases.TC_003_LoginDataDrivenTest -  Finished TC_003_LoginDataDrivenTest
10:35:06.114 [main] INFO  testCases.TC_003_LoginDataDrivenTest -  Starting TC_003_LoginDataDrivenTest 
10:35:06.180 [main] INFO  testCases.TC_003_LoginDataDrivenTest -  The clickMyAccount in homepage clicked 
10:35:06.609 [main] INFO  testCases.TC_003_LoginDataDrivenTest -  The clickLogin in homepage clicked 
10:35:06.863 [main] INFO  testCases.TC_003_LoginDataDrivenTest -  The email in Loginpage setted 
10:35:07.058 [main] INFO  testCases.TC_003_LoginDataDrivenTest -  The password in Loginpage setted 
10:35:07.182 [main] INFO  testCases.TC_003_LoginDataDrivenTest - logon in Loginpage clicked
10:35:07.648 [main] INFO  testCases.TC_003_LoginDataDrivenTest - true
10:35:07.648 [main] INFO  testCases.TC_003_LoginDataDrivenTest -  Finished TC_003_LoginDataDrivenTest
10:36:36.131 [main] INFO  testCases.TC_003_LoginDataDrivenTest -  Starting TC_003_LoginDataDrivenTest 
10:36:36.230 [main] INFO  testCases.TC_003_LoginDataDrivenTest -  The clickMyAccount in homepage clicked 
10:36:36.516 [main] INFO  testCases.TC_003_LoginDataDrivenTest -  The clickLogin in homepage clicked 
10:36:36.715 [main] INFO  testCases.TC_003_LoginDataDrivenTest -  The email in Loginpage setted 
10:36:36.879 [main] INFO  testCases.TC_003_LoginDataDrivenTest -  The password in Loginpage setted 
10:36:36.995 [main] INFO  testCases.TC_003_LoginDataDrivenTest - logon in Loginpage clicked
10:36:37.412 [main] INFO  testCases.TC_003_LoginDataDrivenTest - true
10:36:37.412 [main] INFO  testCases.TC_003_LoginDataDrivenTest - valid is true
10:36:37.412 [main] INFO  testCases.TC_003_LoginDataDrivenTest - targetpage is true
10:36:37.724 [main] INFO  testCases.TC_003_LoginDataDrivenTest - logout clicked
10:36:37.728 [main] INFO  testCases.TC_003_LoginDataDrivenTest -  Finished TC_003_LoginDataDrivenTest
10:36:37.752 [main] INFO  testCases.TC_003_LoginDataDrivenTest -  Starting TC_003_LoginDataDrivenTest 
10:36:37.823 [main] INFO  testCases.TC_003_LoginDataDrivenTest -  The clickMyAccount in homepage clicked 
10:36:38.094 [main] INFO  testCases.TC_003_LoginDataDrivenTest -  The clickLogin in homepage clicked 
10:36:38.305 [main] INFO  testCases.TC_003_LoginDataDrivenTest -  The email in Loginpage setted 
10:36:38.469 [main] INFO  testCases.TC_003_LoginDataDrivenTest -  The password in Loginpage setted 
10:36:38.566 [main] INFO  testCases.TC_003_LoginDataDrivenTest - logon in Loginpage clicked
10:36:48.619 [main] INFO  testCases.TC_003_LoginDataDrivenTest - false
10:36:48.619 [main] INFO  testCases.TC_003_LoginDataDrivenTest - Invalid is false
10:36:48.619 [main] INFO  testCases.TC_003_LoginDataDrivenTest -  Finished TC_003_LoginDataDrivenTest
10:36:48.624 [main] INFO  testCases.TC_003_LoginDataDrivenTest -  Starting TC_003_LoginDataDrivenTest 
10:36:48.695 [main] INFO  testCases.TC_003_LoginDataDrivenTest -  The clickMyAccount in homepage clicked 
10:36:49.091 [main] INFO  testCases.TC_003_LoginDataDrivenTest -  The clickLogin in homepage clicked 
10:36:49.364 [main] INFO  testCases.TC_003_LoginDataDrivenTest -  The email in Loginpage setted 
10:36:49.548 [main] INFO  testCases.TC_003_LoginDataDrivenTest -  The password in Loginpage setted 
10:36:49.682 [main] INFO  testCases.TC_003_LoginDataDrivenTest - logon in Loginpage clicked
10:36:59.756 [main] INFO  testCases.TC_003_LoginDataDrivenTest - false
10:36:59.756 [main] INFO  testCases.TC_003_LoginDataDrivenTest - Invalid is false
10:36:59.757 [main] INFO  testCases.TC_003_LoginDataDrivenTest -  Finished TC_003_LoginDataDrivenTest
10:36:59.762 [main] INFO  testCases.TC_003_LoginDataDrivenTest -  Starting TC_003_LoginDataDrivenTest 
10:36:59.832 [main] INFO  testCases.TC_003_LoginDataDrivenTest -  The clickMyAccount in homepage clicked 
10:37:00.286 [main] INFO  testCases.TC_003_LoginDataDrivenTest -  The clickLogin in homepage clicked 
10:37:00.597 [main] INFO  testCases.TC_003_LoginDataDrivenTest -  The email in Loginpage setted 
10:37:00.787 [main] INFO  testCases.TC_003_LoginDataDrivenTest -  The password in Loginpage setted 
10:37:00.916 [main] INFO  testCases.TC_003_LoginDataDrivenTest - logon in Loginpage clicked
10:37:10.989 [main] INFO  testCases.TC_003_LoginDataDrivenTest - false
10:37:10.989 [main] INFO  testCases.TC_003_LoginDataDrivenTest - Invalid is false
10:37:10.989 [main] INFO  testCases.TC_003_LoginDataDrivenTest -  Finished TC_003_LoginDataDrivenTest
10:37:10.994 [main] INFO  testCases.TC_003_LoginDataDrivenTest -  Starting TC_003_LoginDataDrivenTest 
10:37:11.069 [main] INFO  testCases.TC_003_LoginDataDrivenTest -  The clickMyAccount in homepage clicked 
10:37:11.498 [main] INFO  testCases.TC_003_LoginDataDrivenTest -  The clickLogin in homepage clicked 
10:37:11.767 [main] INFO  testCases.TC_003_LoginDataDrivenTest -  The email in Loginpage setted 
10:37:11.963 [main] INFO  testCases.TC_003_LoginDataDrivenTest -  The password in Loginpage setted 
10:37:12.090 [main] INFO  testCases.TC_003_LoginDataDrivenTest - logon in Loginpage clicked
10:37:12.547 [main] INFO  testCases.TC_003_LoginDataDrivenTest - true
10:37:12.547 [main] INFO  testCases.TC_003_LoginDataDrivenTest -  Finished TC_003_LoginDataDrivenTest
